#
# A fatal error has been detected by the Java Runtime Environment:
#
#  SIGSEGV (0xb) at pc=0x000000010520ffba, pid=4142, tid=50199
#
# JRE version: 7.0_25-b15
# Java VM: Java HotSpot(TM) 64-Bit Server VM (23.25-b01 mixed mode bsd-amd64 compressed oops)
# Problematic frame:
# v  ~BufferBlob::jni_fast_GetLongField
#
# Failed to write core dump. Core dumps have been disabled. To enable core dumping, try "ulimit -c unlimited" before starting Java again
#
# If you would like to submit a bug report, please visit:
#   http://bugreport.sun.com/bugreport/crash.jsp
# The crash happened outside the Java Virtual Machine in native code.
# See problematic frame for where to report the bug.
#

---------------  T H R E A D  ---------------

Current thread (0x00007fdae2966800):  JavaThread "Thread-2" [_thread_in_native, id=50199, stack(0x00000001111e3000,0x00000001112e3000)]

siginfo:si_signo=SIGSEGV: si_errno=0, si_code=1 (SEGV_MAPERR), si_addr=0x0000000000000000

Registers:
RAX=0x0000000104cad3c0, RBX=0x00007fdae29669d8, RCX=0x00000001112e2458, RDX=0x0000000000000042
RSP=0x00000001112e1e78, RBP=0x00000001112e1e90, RSI=0x0000000000000000, RDI=0x00007fdae29669d8
R8 =0x404e200000000000, R9 =0x0000000000000000, R10=0x00000000000002e4, R11=0x0000000104a0923b
R12=0x0000000000000000, R13=0x00000007fb2bcde8, R14=0x0000000000000000, R15=0x00007fdae2966800
RIP=0x000000010520ffba, EFLAGS=0x0000000000010246, ERR=0x0000000000000004
  TRAPNO=0x000000000000000e

Top of Stack: (sp=0x00000001112e1e78)
0x00000001112e1e78:   000000010a7cfd5d 00000001112e2458
0x00000001112e1e88:   0000000000000000 00000001112e22d0
0x00000001112e1e98:   000000010a7d2418 00007fdae1692b40
0x00000001112e1ea8:   00007fdae1692b28 00000000ffffffff
0x00000001112e1eb8:   0000000000000000 00007fdae1692b40
0x00000001112e1ec8:   0000000000000000 0000000000000001
0x00000001112e1ed8:   00007fdae1692b28 0000000000000000
0x00000001112e1ee8:   00000001112e3000 0000000000000000
0x00000001112e1ef8:   00007fff8359ac70 0000000000000000
0x00000001112e1f08:   4014000000000000 00000001112e1f8c
0x00000001112e1f18:   0000000000000000 00000001112e1f94
0x00000001112e1f28:   3ff0000000000000 3ff0000000000000
0x00000001112e1f38:   3fd0000000000000 0000000000000000
0x00000001112e1f48:   4062880000000000 4041a00000000000
0x00000001112e1f58:   3fd0000000000000 00007fdae1692b20
0x00000001112e1f68:   4044000000000000 4062780000000000
0x00000001112e1f78:   4041600000000000 4010000000000000
0x00000001112e1f88:   00002060e1692b00 00007fdae29669d8
0x00000001112e1f98:   0000000000000000 4010000000000000
0x00000001112e1fa8:   4041800000000000 4063200000000000
0x00000001112e1fb8:   4062800000000000 00000001112e2460
0x00000001112e1fc8:   0000000000000000 0000000000000000
0x00000001112e1fd8:   4063180000000000 00007fdae14035a0
0x00000001112e1fe8:   00007fdae1692b00 00000001112e2020
0x00000001112e1ff8:   0000000104999212 00000001112e2040
0x00000001112e2008:   00007fdae14035a0 00007fdae2966800
0x00000001112e2018:   0000000104d30a98 00000001112e2040
0x00000001112e2028:   0000000104999273 00007fdae2966800
0x00000001112e2038:   0000000000000007 00000001112e2170
0x00000001112e2048:   0000000104a0686c 00000025000000d6
0x00000001112e2058:   000000260000003b 00000007edb6fab8
0x00000001112e2068:   0000000400000000 00000000000003c0 

Instructions: (pc=0x000000010520ffba)
0x000000010520ff9a:   00 00 00 00 00 00 44 8b 15 59 1e b2 ff 4c 8b ce
0x000000010520ffaa:   41 f6 c2 01 0f 85 2e 00 00 00 4d 33 ca 4d 33 ca
0x000000010520ffba:   4d 8b 09 4c 8b da 49 c1 eb 02 4b 8b 04 19 49 bb
0x000000010520ffca:   00 1e d3 04 01 00 00 00 4c 33 d8 4c 33 d8 45 3b 

Register to memory mapping:

RAX=0x0000000104cad3c0: jni_NativeInterface+0 in /Library/Java/JavaVirtualMachines/jdk1.7.0_25.jdk/Contents/Home/jre/lib/server/libjvm.dylib at 0x0000000104600000
RBX=0x00007fdae29669d8 is an unknown value
RCX=0x00000001112e2458 is pointing into the stack for thread: 0x00007fdae2966800
RDX=0x0000000000000042 is an unknown value
RSP=0x00000001112e1e78 is pointing into the stack for thread: 0x00007fdae2966800
RBP=0x00000001112e1e90 is pointing into the stack for thread: 0x00007fdae2966800
RSI=0x0000000000000000 is an unknown value
RDI=0x00007fdae29669d8 is an unknown value
R8 =0x404e200000000000 is an unknown value
R9 =0x0000000000000000 is an unknown value
R10=0x00000000000002e4 is an unknown value
R11=0x0000000104a0923b: throw_unsatisfied_link_error+0 in /Library/Java/JavaVirtualMachines/jdk1.7.0_25.jdk/Contents/Home/jre/lib/server/libjvm.dylib at 0x0000000104600000
R12=0x0000000000000000 is an unknown value
R13=0x00000007fb2bcde8 is an oop
{method} 
 - klass: {other class}
R14=0x0000000000000000 is an unknown value
R15=0x00007fdae2966800 is a thread


Stack: [0x00000001111e3000,0x00000001112e3000],  sp=0x00000001112e1e78,  free space=1019k
Native frames: (J=compiled Java code, j=interpreted, Vv=VM code, C=native code)
v  ~BufferBlob::jni_fast_GetLongField
C  [libawt.dylib+0x9418]  Java_sun_java2d_loops_DrawParallelogram_DrawParallelogram+0x2bd
j  sun.java2d.loops.DrawParallelogram.DrawParallelogram(Lsun/java2d/SunGraphics2D;Lsun/java2d/SurfaceData;DDDDDDDD)V+0
j  sun.java2d.pipe.LoopPipe.drawParallelogram(Lsun/java2d/SunGraphics2D;DDDDDDDDDDDD)V+32
j  sun.java2d.pipe.PixelToParallelogramConverter.drawRectangle(Lsun/java2d/SunGraphics2D;DDDDD)V+353
j  sun.java2d.pipe.PixelToParallelogramConverter.draw(Lsun/java2d/SunGraphics2D;Ljava/awt/Shape;)V+104
j  sun.java2d.SunGraphics2D.draw(Ljava/awt/Shape;)V+6
j  AI.NeatAI.draw(Ljava/awt/Graphics2D;)V+295
j  AI.GeneticAlgorithm.draw(Ljava/awt/Graphics2D;)V+37
j  GameState.GameStateManager.draw(Ljava/awt/Graphics2D;)V+53

Java frames: (J=compiled Java code, j=interpreted, Vv=VM code)
j  sun.java2d.loops.DrawParallelogram.DrawParallelogram(Lsun/java2d/SunGraphics2D;Lsun/java2d/SurfaceData;DDDDDDDD)V+0
j  sun.java2d.pipe.LoopPipe.drawParallelogram(Lsun/java2d/SunGraphics2D;DDDDDDDDDDDD)V+32
j  sun.java2d.pipe.PixelToParallelogramConverter.drawRectangle(Lsun/java2d/SunGraphics2D;DDDDD)V+353
j  sun.java2d.pipe.PixelToParallelogramConverter.draw(Lsun/java2d/SunGraphics2D;Ljava/awt/Shape;)V+104
j  sun.java2d.SunGraphics2D.draw(Ljava/awt/Shape;)V+6
j  AI.NeatAI.draw(Ljava/awt/Graphics2D;)V+295
j  AI.GeneticAlgorithm.draw(Ljava/awt/Graphics2D;)V+37
j  GameState.GameStateManager.draw(Ljava/awt/Graphics2D;)V+53
J  Main.GamePanel.run()V
j  java.lang.Thread.run()V+11
v  ~StubRoutines::call_stub

---------------  P R O C E S S  ---------------

Java Threads: ( => current thread )
  0x00007fdae1a04800 JavaThread "DestroyJavaVM" [_thread_blocked, id=4355, stack(0x00000001050aa000,0x00000001051aa000)]
=>0x00007fdae2966800 JavaThread "Thread-2" [_thread_in_native, id=50199, stack(0x00000001111e3000,0x00000001112e3000)]
  0x00007fdae192a000 JavaThread "AWT-EventQueue-0" [_thread_in_Java, id=49431, stack(0x000000011108d000,0x000000011118d000)]
  0x00007fdae20d7000 JavaThread "Java2D Disposer" daemon [_thread_blocked, id=45591, stack(0x000000010fc6f000,0x000000010fd6f000)]
  0x00007fdae304d000 JavaThread "Java2D Queue Flusher" daemon [_thread_blocked, id=44807, stack(0x000000010ec9d000,0x000000010ed9d000)]
  0x00007fdae2856800 JavaThread "AWT-Shutdown" [_thread_blocked, id=15367, stack(0x000000010aa15000,0x000000010ab15000)]
  0x00007fdae2074800 JavaThread "AppKit Thread" daemon [_thread_in_native, id=1811, stack(0x00007fff5bede000,0x00007fff5bf5e000)]
  0x00007fdae2022800 JavaThread "Service Thread" daemon [_thread_blocked, id=13827, stack(0x000000010a58e000,0x000000010a68e000)]
  0x00007fdae2022000 JavaThread "C2 CompilerThread1" daemon [_thread_in_native, id=13571, stack(0x000000010a48b000,0x000000010a58b000)]
  0x00007fdae3037000 JavaThread "C2 CompilerThread0" daemon [_thread_in_native, id=13075, stack(0x000000010a388000,0x000000010a488000)]
  0x00007fdae2021000 JavaThread "Signal Dispatcher" daemon [_thread_blocked, id=10263, stack(0x000000010a285000,0x000000010a385000)]
  0x00007fdae181a000 JavaThread "Finalizer" daemon [_thread_blocked, id=8707, stack(0x000000010885b000,0x000000010895b000)]
  0x00007fdae3032000 JavaThread "Reference Handler" daemon [_thread_blocked, id=8451, stack(0x0000000108758000,0x0000000108858000)]

Other Threads:
  0x00007fdae1817000 VMThread [stack: 0x0000000108655000,0x0000000108755000] [id=8195]
  0x00007fdae1821000 WatcherThread [stack: 0x000000010a691000,0x000000010a791000] [id=14083]

VM state:not at safepoint (normal execution)

VM Mutex/Monitor currently owned by a thread: None

Heap
 def new generation   total 6144K, used 60K [0x00000007e7200000, 0x00000007e78a0000, 0x00000007edb50000)
  eden space 5504K,   1% used [0x00000007e7200000, 0x00000007e720f008, 0x00000007e7760000)
  from space 640K,   0% used [0x00000007e7800000, 0x00000007e7800000, 0x00000007e78a0000)
  to   space 640K,   0% used [0x00000007e7760000, 0x00000007e7760000, 0x00000007e7800000)
 tenured generation   total 13440K, used 6868K [0x00000007edb50000, 0x00000007ee870000, 0x00000007fae00000)
   the space 13440K,  51% used [0x00000007edb50000, 0x00000007ee205398, 0x00000007ee205400, 0x00000007ee870000)
 compacting perm gen  total 21248K, used 10424K [0x00000007fae00000, 0x00000007fc2c0000, 0x0000000800000000)
   the space 21248K,  49% used [0x00000007fae00000, 0x00000007fb82e338, 0x00000007fb82e400, 0x00000007fc2c0000)
No shared spaces configured.

Card table byte_map: [0x0000000108275000,0x000000010833d000] byte_map_base: 0x000000010433c000

Polling page: 0x0000000103df4000

Code Cache  [0x00000001051b5000, 0x0000000105425000, 0x00000001081b5000)
 total_blobs=736 nmethods=287 adapters=401 free_code_cache=47960Kb largest_free_block=49078976

Compilation events (10 events):
Event: 12.635 Thread 0x00007fdae3037000 nmethod 296 0x00000001052e09d0 code [0x00000001052e0b00, 0x00000001052e0b58]
Event: 12.636 Thread 0x00007fdae2022000 nmethod 295 0x000000010526c590 code [0x000000010526c700, 0x000000010526c8b8]
Event: 12.747 Thread 0x00007fdae3037000  297             java.awt.image.SinglePixelPackedSampleModel::getPixels (227 bytes)
Event: 12.748 Thread 0x00007fdae2022000    8 %           com.sun.imageio.plugins.png.PNGImageWriter::encodePass @ 790 (1063 bytes)
Event: 12.758 Thread 0x00007fdae3037000 nmethod 297 0x00000001052e1b10 code [0x00000001052e1c60, 0x00000001052e20f8]
Event: 12.760 Thread 0x00007fdae3037000  298             java.awt.image.ColorModel::isAlphaPremultiplied (5 bytes)
Event: 12.761 Thread 0x00007fdae3037000 nmethod 298 0x00000001052c5150 code [0x00000001052c5280, 0x00000001052c52d8]
Event: 12.768 Thread 0x00007fdae3037000  299             java.lang.Enum::ordinal (5 bytes)
Event: 12.768 Thread 0x00007fdae3037000 nmethod 299 0x00000001052e1910 code [0x00000001052e1a40, 0x00000001052e1a98]
Event: 12.847 Thread 0x00007fdae3037000    9 % !         java.lang.ref.Reference$ReferenceHandler::run @ 0 (108 bytes)

GC Heap History (10 events):
Event: 11.590 GC heap before
{Heap before GC invocations=352 (full 3):
 def new generation   total 6144K, used 5897K [0x00000007e7200000, 0x00000007e78a0000, 0x00000007edb50000)
  eden space 5504K, 100% used [0x00000007e7200000, 0x00000007e7760000, 0x00000007e7760000)
  from space 640K,  61% used [0x00000007e7760000, 0x00000007e77c24e8, 0x00000007e7800000)
  to   space 640K,   0% used [0x00000007e7800000, 0x00000007e7800000, 0x00000007e78a0000)
 tenured generation   total 13440K, used 12896K [0x00000007edb50000, 0x00000007ee870000, 0x00000007fae00000)
   the space 13440K,  95% used [0x00000007edb50000, 0x00000007ee7e8190, 0x00000007ee7e8200, 0x00000007ee870000)
 compacting perm gen  total 21248K, used 10217K [0x00000007fae00000, 0x00000007fc2c0000, 0x0000000800000000)
   the space 21248K,  48% used [0x00000007fae00000, 0x00000007fb7fa640, 0x00000007fb7fa800, 0x00000007fc2c0000)
No shared spaces configured.
Event: 11.591 GC heap after
Heap after GC invocations=353 (full 3):
 def new generation   total 6144K, used 305K [0x00000007e7200000, 0x00000007e78a0000, 0x00000007edb50000)
  eden space 5504K,   0% used [0x00000007e7200000, 0x00000007e7200000, 0x00000007e7760000)
  from space 640K,  47% used [0x00000007e7800000, 0x00000007e784c580, 0x00000007e78a0000)
  to   space 640K,   0% used [0x00000007e7760000, 0x00000007e7760000, 0x00000007e7800000)
 tenured generation   total 13440K, used 13079K [0x00000007edb50000, 0x00000007ee870000, 0x00000007fae00000)
   the space 13440K,  97% used [0x00000007edb50000, 0x00000007ee815d78, 0x00000007ee815e00, 0x00000007ee870000)
 compacting perm gen  total 21248K, used 10217K [0x00000007fae00000, 0x00000007fc2c0000, 0x0000000800000000)
   the space 21248K,  48% used [0x00000007fae00000, 0x00000007fb7fa640, 0x00000007fb7fa800, 0x00000007fc2c0000)
No shared spaces configured.
}
Event: 11.613 GC heap before
{Heap before GC invocations=353 (full 3):
 def new generation   total 6144K, used 5809K [0x00000007e7200000, 0x00000007e78a0000, 0x00000007edb50000)
  eden space 5504K, 100% used [0x00000007e7200000, 0x00000007e7760000, 0x00000007e7760000)
  from space 640K,  47% used [0x00000007e7800000, 0x00000007e784c580, 0x00000007e78a0000)
  to   space 640K,   0% used [0x00000007e7760000, 0x00000007e7760000, 0x00000007e7800000)
 tenured generation   total 13440K, used 13079K [0x00000007edb50000, 0x00000007ee870000, 0x00000007fae00000)
   the space 13440K,  97% used [0x00000007edb50000, 0x00000007ee815d78, 0x00000007ee815e00, 0x00000007ee870000)
 compacting perm gen  total 21248K, used 10217K [0x00000007fae00000, 0x00000007fc2c0000, 0x0000000800000000)
   the space 21248K,  48% used [0x00000007fae00000, 0x00000007fb7fa640, 0x00000007fb7fa800, 0x00000007fc2c0000)
No shared spaces configured.
Event: 11.614 GC heap after
Heap after GC invocations=354 (full 3):
 def new generation   total 6144K, used 451K [0x00000007e7200000, 0x00000007e78a0000, 0x00000007edb50000)
  eden space 5504K,   0% used [0x00000007e7200000, 0x00000007e7200000, 0x00000007e7760000)
  from space 640K,  70% used [0x00000007e7760000, 0x00000007e77d0df0, 0x00000007e7800000)
  to   space 640K,   0% used [0x00000007e7800000, 0x00000007e7800000, 0x00000007e78a0000)
 tenured generation   total 13440K, used 13079K [0x00000007edb50000, 0x00000007ee870000, 0x00000007fae00000)
   the space 13440K,  97% used [0x00000007edb50000, 0x00000007ee815d78, 0x00000007ee815e00, 0x00000007ee870000)
 compacting perm gen  total 21248K, used 10217K [0x00000007fae00000, 0x00000007fc2c0000, 0x0000000800000000)
   the space 21248K,  48% used [0x00000007fae00000, 0x00000007fb7fa640, 0x00000007fb7fa800, 0x00000007fc2c0000)
No shared spaces configured.
}
Event: 11.633 GC heap before
{Heap before GC invocations=354 (full 3):
 def new generation   total 6144K, used 5955K [0x00000007e7200000, 0x00000007e78a0000, 0x00000007edb50000)
  eden space 5504K, 100% used [0x00000007e7200000, 0x00000007e7760000, 0x00000007e7760000)
  from space 640K,  70% used [0x00000007e7760000, 0x00000007e77d0df0, 0x00000007e7800000)
  to   space 640K,   0% used [0x00000007e7800000, 0x00000007e7800000, 0x00000007e78a0000)
 tenured generation   total 13440K, used 13079K [0x00000007edb50000, 0x00000007ee870000, 0x00000007fae00000)
   the space 13440K,  97% used [0x00000007edb50000, 0x00000007ee815d78, 0x00000007ee815e00, 0x00000007ee870000)
 compacting perm gen  total 21248K, used 10217K [0x00000007fae00000, 0x00000007fc2c0000, 0x0000000800000000)
   the space 21248K,  48% used [0x00000007fae00000, 0x00000007fb7fa640, 0x00000007fb7fa800, 0x00000007fc2c0000)
No shared spaces configured.
Event: 11.633 GC heap after
Heap after GC invocations=355 (full 3):
 def new generation   total 6144K, used 372K [0x00000007e7200000, 0x00000007e78a0000, 0x00000007edb50000)
  eden space 5504K,   0% used [0x00000007e7200000, 0x00000007e7200000, 0x00000007e7760000)
  from space 640K,  58% used [0x00000007e7800000, 0x00000007e785d2b8, 0x00000007e78a0000)
  to   space 640K,   0% used [0x00000007e7760000, 0x00000007e7760000, 0x00000007e7800000)
 tenured generation   total 13440K, used 13263K [0x00000007edb50000, 0x00000007ee870000, 0x00000007fae00000)
   the space 13440K,  98% used [0x00000007edb50000, 0x00000007ee843ca8, 0x00000007ee843e00, 0x00000007ee870000)
 compacting perm gen  total 21248K, used 10217K [0x00000007fae00000, 0x00000007fc2c0000, 0x0000000800000000)
   the space 21248K,  48% used [0x00000007fae00000, 0x00000007fb7fa640, 0x00000007fb7fa800, 0x00000007fc2c0000)
No shared spaces configured.
}
Event: 11.655 GC heap before
{Heap before GC invocations=355 (full 3):
 def new generation   total 6144K, used 5876K [0x00000007e7200000, 0x00000007e78a0000, 0x00000007edb50000)
  eden space 5504K, 100% used [0x00000007e7200000, 0x00000007e7760000, 0x00000007e7760000)
  from space 640K,  58% used [0x00000007e7800000, 0x00000007e785d2b8, 0x00000007e78a0000)
  to   space 640K,   0% used [0x00000007e7760000, 0x00000007e7760000, 0x00000007e7800000)
 tenured generation   total 13440K, used 13263K [0x00000007edb50000, 0x00000007ee870000, 0x00000007fae00000)
   the space 13440K,  98% used [0x00000007edb50000, 0x00000007ee843ca8, 0x00000007ee843e00, 0x00000007ee870000)
 compacting perm gen  total 21248K, used 10217K [0x00000007fae00000, 0x00000007fc2c0000, 0x0000000800000000)
   the space 21248K,  48% used [0x00000007fae00000, 0x00000007fb7fa640, 0x00000007fb7fa800, 0x00000007fc2c0000)
No shared spaces configured.
Event: 11.656 GC heap after
Heap after GC invocations=356 (full 3):
 def new generation   total 6144K, used 409K [0x00000007e7200000, 0x00000007e78a0000, 0x00000007edb50000)
  eden space 5504K,   0% used [0x00000007e7200000, 0x00000007e7200000, 0x00000007e7760000)
  from space 640K,  63% used [0x00000007e7760000, 0x00000007e77c64d8, 0x00000007e7800000)
  to   space 640K,   0% used [0x00000007e7800000, 0x00000007e7800000, 0x00000007e78a0000)
 tenured generation   total 13440K, used 13364K [0x00000007edb50000, 0x00000007ee870000, 0x00000007fae00000)
   the space 13440K,  99% used [0x00000007edb50000, 0x00000007ee85d3d0, 0x00000007ee85d400, 0x00000007ee870000)
 compacting perm gen  total 21248K, used 10217K [0x00000007fae00000, 0x00000007fc2c0000, 0x0000000800000000)
   the space 21248K,  48% used [0x00000007fae00000, 0x00000007fb7fa640, 0x00000007fb7fa800, 0x00000007fc2c0000)
No shared spaces configured.
}
Event: 12.807 GC heap before
{Heap before GC invocations=356 (full 3):
 def new generation   total 6144K, used 5911K [0x00000007e7200000, 0x00000007e78a0000, 0x00000007edb50000)
  eden space 5504K,  99% used [0x00000007e7200000, 0x00000007e775f8b8, 0x00000007e7760000)
  from space 640K,  63% used [0x00000007e7760000, 0x00000007e77c64d8, 0x00000007e7800000)
  to   space 640K,   0% used [0x00000007e7800000, 0x00000007e7800000, 0x00000007e78a0000)
 tenured generation   total 13440K, used 13364K [0x00000007edb50000, 0x00000007ee870000, 0x00000007fae00000)
   the space 13440K,  99% used [0x00000007edb50000, 0x00000007ee85d3d0, 0x00000007ee85d400, 0x00000007ee870000)
 compacting perm gen  total 21248K, used 10428K [0x00000007fae00000, 0x00000007fc2c0000, 0x0000000800000000)
   the space 21248K,  49% used [0x00000007fae00000, 0x00000007fb82f1e0, 0x00000007fb82f200, 0x00000007fc2c0000)
No shared spaces configured.
Event: 12.846 GC heap after
Heap after GC invocations=357 (full 4):
 def new generation   total 6144K, used 0K [0x00000007e7200000, 0x00000007e78a0000, 0x00000007edb50000)
  eden space 5504K,   0% used [0x00000007e7200000, 0x00000007e7200000, 0x00000007e7760000)
  from space 640K,   0% used [0x00000007e7800000, 0x00000007e7800000, 0x00000007e78a0000)
  to   space 640K,   0% used [0x00000007e7760000, 0x00000007e7760000, 0x00000007e7800000)
 tenured generation   total 13440K, used 6868K [0x00000007edb50000, 0x00000007ee870000, 0x00000007fae00000)
   the space 13440K,  51% used [0x00000007edb50000, 0x00000007ee205398, 0x00000007ee205400, 0x00000007ee870000)
 compacting perm gen  total 21248K, used 10424K [0x00000007fae00000, 0x00000007fc2c0000, 0x0000000800000000)
   the space 21248K,  49% used [0x00000007fae00000, 0x00000007fb82e338, 0x00000007fb82e400, 0x00000007fc2c0000)
No shared spaces configured.
}

Deoptimization events (10 events):
Event: 11.661 Thread 0x00007fdae2074800 Uncommon trap -34 fr.pc 0x00000001052ca784
Event: 11.665 Thread 0x00007fdae2966800 Uncommon trap -34 fr.pc 0x0000000105278c58
Event: 11.687 Thread 0x00007fdae192a000 Uncommon trap -58 fr.pc 0x00000001052865fc
Event: 11.687 Thread 0x00007fdae192a000 Uncommon trap -58 fr.pc 0x00000001052865fc
Event: 11.687 Thread 0x00007fdae192a000 Uncommon trap -58 fr.pc 0x00000001052865fc
Event: 11.687 Thread 0x00007fdae192a000 Uncommon trap -83 fr.pc 0x000000010528c25c
Event: 11.702 Thread 0x00007fdae2966800 Uncommon trap -34 fr.pc 0x0000000105278c58
Event: 11.735 Thread 0x00007fdae2966800 Uncommon trap -34 fr.pc 0x0000000105278c58
Event: 11.769 Thread 0x00007fdae2966800 Uncommon trap -34 fr.pc 0x0000000105278c58
Event: 12.743 Thread 0x00007fdae192a000 Uncommon trap -34 fr.pc 0x00000001052ca784

Internal exceptions (10 events):
Event: 5.821 Thread 0x00007fdae2966800 Threw 0x00000007e76a77a8 at /HUDSON/workspace/jdk7u25-2-build-macosx-amd64-product/jdk7u25/hotspot/src/share/vm/interpreter/interpr
Event: 5.821 Thread 0x00007fdae2966800 Threw 0x00000007e76a7a30 at /HUDSON/workspace/jdk7u25-2-build-macosx-amd64-product/jdk7u25/hotspot/src/share/vm/interpreter/interpr
Event: 5.821 Thread 0x00007fdae2966800 Threw 0x00000007e76a9ab0 at /HUDSON/workspace/jdk7u25-2-build-macosx-amd64-product/jdk7u25/hotspot/src/share/vm/interpreter/interpr
Event: 5.821 Thread 0x00007fdae2966800 Threw 0x00000007e76a9d38 at /HUDSON/workspace/jdk7u25-2-build-macosx-amd64-product/jdk7u25/hotspot/src/share/vm/interpreter/interpr
Event: 5.822 Thread 0x00007fdae2966800 Threw 0x00000007e76abdb8 at /HUDSON/workspace/jdk7u25-2-build-macosx-amd64-product/jdk7u25/hotspot/src/share/vm/interpreter/interpr
Event: 5.822 Thread 0x00007fdae2966800 Threw 0x00000007e76acc00 at /HUDSON/workspace/jdk7u25-2-build-macosx-amd64-product/jdk7u25/hotspot/src/share/vm/interpreter/interpr
Event: 5.822 Thread 0x00007fdae2966800 Threw 0x00000007e76ace88 at /HUDSON/workspace/jdk7u25-2-build-macosx-amd64-product/jdk7u25/hotspot/src/share/vm/interpreter/interpr
Event: 5.822 Thread 0x00007fdae2966800 Threw 0x00000007e76aebd0 at /HUDSON/workspace/jdk7u25-2-build-macosx-amd64-product/jdk7u25/hotspot/src/share/vm/interpreter/interpr
Event: 6.147 Thread 0x00007fdae2966800 Threw 0x00000007e7577e28 at /HUDSON/workspace/jdk7u25-2-build-macosx-amd64-product/jdk7u25/hotspot/src/share/vm/prims/jvm.cpp:1235
Event: 6.148 Thread 0x00007fdae2966800 Threw 0x00000007e757a3a8 at /HUDSON/workspace/jdk7u25-2-build-macosx-amd64-product/jdk7u25/hotspot/src/share/vm/prims/jvm.cpp:1235

Events (10 events):
Event: 12.743 loading class 0x00007fdae3e32ef0
Event: 12.743 loading class 0x00007fdae3e32ef0 done
Event: 12.743 loading class 0x00007fdae3e34070
Event: 12.743 loading class 0x00007fdae3e34070 done
Event: 12.745 loading class 0x00007fdae3e33240
Event: 12.745 loading class 0x00007fdae3e33240 done
Event: 12.745 loading class 0x00007fdae172e130
Event: 12.745 loading class 0x00007fdae172e130 done
Event: 12.807 Executing VM operation: GenCollectForAllocation
Event: 12.846 Executing VM operation: GenCollectForAllocation done


Dynamic libraries:
0x0000000001f50000 	/System/Library/Frameworks/Cocoa.framework/Versions/A/Cocoa
0x0000000001f50000 	/System/Library/Frameworks/Security.framework/Versions/A/Security
0x0000000001f50000 	/System/Library/Frameworks/ApplicationServices.framework/Versions/A/ApplicationServices
0x0000000001f50000 	/usr/lib/libz.1.dylib
0x0000000001f50000 	/usr/lib/libSystem.B.dylib
0x0000000001f50000 	/usr/lib/libobjc.A.dylib
0x0000000001f50000 	/System/Library/Frameworks/CoreFoundation.framework/Versions/A/CoreFoundation
0x0000000001f50000 	/System/Library/Frameworks/AppKit.framework/Versions/C/AppKit
0x0000000001f50000 	/System/Library/Frameworks/CoreData.framework/Versions/A/CoreData
0x0000000001f50000 	/System/Library/Frameworks/Foundation.framework/Versions/C/Foundation
0x0000000001f50000 	/System/Library/PrivateFrameworks/RemoteViewServices.framework/Versions/A/RemoteViewServices
0x0000000001f50000 	/System/Library/PrivateFrameworks/UIFoundation.framework/Versions/A/UIFoundation
0x0000000001f50000 	/System/Library/Frameworks/IOSurface.framework/Versions/A/IOSurface
0x0000000001f50000 	/System/Library/Frameworks/AudioToolbox.framework/Versions/A/AudioToolbox
0x0000000001f50000 	/System/Library/Frameworks/AudioUnit.framework/Versions/A/AudioUnit
0x0000000001f50000 	/System/Library/PrivateFrameworks/DataDetectorsCore.framework/Versions/A/DataDetectorsCore
0x0000000001f50000 	/System/Library/PrivateFrameworks/DesktopServicesPriv.framework/Versions/A/DesktopServicesPriv
0x0000000001f50000 	/System/Library/Frameworks/Carbon.framework/Versions/A/Frameworks/HIToolbox.framework/Versions/A/HIToolbox
0x0000000001f50000 	/System/Library/Frameworks/QuartzCore.framework/Versions/A/QuartzCore
0x0000000001f50000 	/System/Library/Frameworks/Carbon.framework/Versions/A/Frameworks/SpeechRecognition.framework/Versions/A/SpeechRecognition
0x0000000001f50000 	/usr/lib/libauto.dylib
0x0000000001f50000 	/usr/lib/libicucore.A.dylib
0x0000000001f50000 	/usr/lib/libxml2.2.dylib
0x0000000001f50000 	/System/Library/PrivateFrameworks/CoreUI.framework/Versions/A/CoreUI
0x0000000001f50000 	/System/Library/Frameworks/CoreAudio.framework/Versions/A/CoreAudio
0x0000000001f50000 	/System/Library/Frameworks/DiskArbitration.framework/Versions/A/DiskArbitration
0x0000000001f50000 	/usr/lib/liblangid.dylib
0x0000000001f50000 	/System/Library/PrivateFrameworks/MultitouchSupport.framework/Versions/A/MultitouchSupport
0x0000000001f50000 	/System/Library/Frameworks/IOKit.framework/Versions/A/IOKit
0x0000000001f50000 	/usr/lib/libDiagnosticMessagesClient.dylib
0x0000000001f50000 	/System/Library/Frameworks/CoreServices.framework/Versions/A/CoreServices
0x0000000001f50000 	/System/Library/PrivateFrameworks/PerformanceAnalysis.framework/Versions/A/PerformanceAnalysis
0x0000000001f50000 	/System/Library/PrivateFrameworks/GenerationalStorage.framework/Versions/A/GenerationalStorage
0x0000000001f50000 	/System/Library/Frameworks/OpenGL.framework/Versions/A/OpenGL
0x0000000001f50000 	/System/Library/PrivateFrameworks/Sharing.framework/Versions/A/Sharing
0x0000000001f50000 	/System/Library/Frameworks/CoreGraphics.framework/Versions/A/CoreGraphics
0x0000000001f50000 	/System/Library/Frameworks/CoreText.framework/Versions/A/CoreText
0x0000000001f50000 	/System/Library/Frameworks/ImageIO.framework/Versions/A/ImageIO
0x0000000001f50000 	/usr/lib/libextension.dylib
0x0000000001f50000 	/System/Library/PrivateFrameworks/Backup.framework/Versions/A/Backup
0x0000000001f50000 	/usr/lib/libarchive.2.dylib
0x0000000001f50000 	/System/Library/Frameworks/CFNetwork.framework/Versions/A/CFNetwork
0x0000000001f50000 	/System/Library/Frameworks/SystemConfiguration.framework/Versions/A/SystemConfiguration
0x0000000001f50000 	/usr/lib/libCRFSuite.dylib
0x0000000001f50000 	/usr/lib/libc++.1.dylib
0x0000000001f50000 	/usr/lib/libc++abi.dylib
0x0000000001f50000 	/usr/lib/system/libcache.dylib
0x0000000001f50000 	/usr/lib/system/libcommonCrypto.dylib
0x0000000001f50000 	/usr/lib/system/libcompiler_rt.dylib
0x0000000001f50000 	/usr/lib/system/libcopyfile.dylib
0x0000000001f50000 	/usr/lib/system/libcorecrypto.dylib
0x0000000001f50000 	/usr/lib/system/libdispatch.dylib
0x0000000001f50000 	/usr/lib/system/libdyld.dylib
0x0000000001f50000 	/usr/lib/system/libkeymgr.dylib
0x0000000001f50000 	/usr/lib/system/liblaunch.dylib
0x0000000001f50000 	/usr/lib/system/libmacho.dylib
0x0000000001f50000 	/usr/lib/system/libquarantine.dylib
0x0000000001f50000 	/usr/lib/system/libremovefile.dylib
0x0000000001f50000 	/usr/lib/system/libsystem_asl.dylib
0x0000000001f50000 	/usr/lib/system/libsystem_blocks.dylib
0x0000000001f50000 	/usr/lib/system/libsystem_c.dylib
0x0000000001f50000 	/usr/lib/system/libsystem_configuration.dylib
0x0000000001f50000 	/usr/lib/system/libsystem_coreservices.dylib
0x0000000001f50000 	/usr/lib/system/libsystem_coretls.dylib
0x0000000001f50000 	/usr/lib/system/libsystem_dnssd.dylib
0x0000000001f50000 	/usr/lib/system/libsystem_info.dylib
0x0000000001f50000 	/usr/lib/system/libsystem_kernel.dylib
0x0000000001f50000 	/usr/lib/system/libsystem_m.dylib
0x0000000001f50000 	/usr/lib/system/libsystem_malloc.dylib
0x0000000001f50000 	/usr/lib/system/libsystem_network.dylib
0x0000000001f50000 	/usr/lib/system/libsystem_networkextension.dylib
0x0000000001f50000 	/usr/lib/system/libsystem_notify.dylib
0x0000000001f50000 	/usr/lib/system/libsystem_platform.dylib
0x0000000001f50000 	/usr/lib/system/libsystem_pthread.dylib
0x0000000001f50000 	/usr/lib/system/libsystem_sandbox.dylib
0x0000000001f50000 	/usr/lib/system/libsystem_secinit.dylib
0x0000000001f50000 	/usr/lib/system/libsystem_stats.dylib
0x0000000001f50000 	/usr/lib/system/libsystem_trace.dylib
0x0000000001f50000 	/usr/lib/system/libunc.dylib
0x0000000001f50000 	/usr/lib/system/libunwind.dylib
0x0000000001f50000 	/usr/lib/system/libxpc.dylib
0x0000000001f50000 	/usr/lib/libbz2.1.0.dylib
0x0000000001f50000 	/usr/lib/liblzma.5.dylib
0x0000000001f50000 	/usr/lib/libbsm.0.dylib
0x0000000001f50000 	/usr/lib/libsqlite3.dylib
0x0000000001f50000 	/usr/lib/system/libkxld.dylib
0x0000000001f50000 	/usr/lib/libxar.1.dylib
0x0000000001f50000 	/usr/lib/libpam.2.dylib
0x0000000001f50000 	/usr/lib/libOpenScriptingUtil.dylib
0x0000000001f50000 	/System/Library/Frameworks/CoreServices.framework/Versions/A/Frameworks/FSEvents.framework/Versions/A/FSEvents
0x0000000001f50000 	/System/Library/Frameworks/CoreServices.framework/Versions/A/Frameworks/CarbonCore.framework/Versions/A/CarbonCore
0x0000000001f50000 	/System/Library/Frameworks/CoreServices.framework/Versions/A/Frameworks/Metadata.framework/Versions/A/Metadata
0x0000000001f50000 	/System/Library/Frameworks/CoreServices.framework/Versions/A/Frameworks/OSServices.framework/Versions/A/OSServices
0x0000000001f50000 	/System/Library/Frameworks/CoreServices.framework/Versions/A/Frameworks/SearchKit.framework/Versions/A/SearchKit
0x0000000001f50000 	/System/Library/Frameworks/CoreServices.framework/Versions/A/Frameworks/AE.framework/Versions/A/AE
0x0000000001f50000 	/System/Library/Frameworks/CoreServices.framework/Versions/A/Frameworks/LaunchServices.framework/Versions/A/LaunchServices
0x0000000001f50000 	/System/Library/Frameworks/CoreServices.framework/Versions/A/Frameworks/DictionaryServices.framework/Versions/A/DictionaryServices
0x0000000001f50000 	/System/Library/Frameworks/NetFS.framework/Versions/A/NetFS
0x0000000001f50000 	/System/Library/PrivateFrameworks/NetAuth.framework/Versions/A/NetAuth
0x0000000001f50000 	/System/Library/PrivateFrameworks/login.framework/Versions/A/Frameworks/loginsupport.framework/Versions/A/loginsupport
0x0000000001f50000 	/System/Library/PrivateFrameworks/TCC.framework/Versions/A/TCC
0x0000000001f50000 	/usr/lib/libmecabra.dylib
0x0000000001f50000 	/System/Library/Frameworks/ApplicationServices.framework/Versions/A/Frameworks/ATS.framework/Versions/A/ATS
0x0000000001f50000 	/System/Library/Frameworks/ApplicationServices.framework/Versions/A/Frameworks/ColorSync.framework/Versions/A/ColorSync
0x0000000001f50000 	/System/Library/Frameworks/ApplicationServices.framework/Versions/A/Frameworks/HIServices.framework/Versions/A/HIServices
0x0000000001f50000 	/System/Library/Frameworks/ApplicationServices.framework/Versions/A/Frameworks/LangAnalysis.framework/Versions/A/LangAnalysis
0x0000000001f50000 	/System/Library/Frameworks/ApplicationServices.framework/Versions/A/Frameworks/PrintCore.framework/Versions/A/PrintCore
0x0000000001f50000 	/System/Library/Frameworks/ApplicationServices.framework/Versions/A/Frameworks/QD.framework/Versions/A/QD
0x0000000001f50000 	/System/Library/Frameworks/ApplicationServices.framework/Versions/A/Frameworks/SpeechSynthesis.framework/Versions/A/SpeechSynthesis
0x0000000001f50000 	/System/Library/Frameworks/Accelerate.framework/Versions/A/Accelerate
0x0000000001f50000 	/System/Library/Frameworks/Accelerate.framework/Versions/A/Frameworks/vImage.framework/Versions/A/vImage
0x0000000001f50000 	/System/Library/Frameworks/Accelerate.framework/Versions/A/Frameworks/vecLib.framework/Versions/A/vecLib
0x0000000001f50000 	/System/Library/Frameworks/Accelerate.framework/Versions/A/Frameworks/vecLib.framework/Versions/A/libvDSP.dylib
0x0000000001f50000 	/System/Library/Frameworks/Accelerate.framework/Versions/A/Frameworks/vecLib.framework/Versions/A/libvMisc.dylib
0x0000000001f50000 	/System/Library/Frameworks/Accelerate.framework/Versions/A/Frameworks/vecLib.framework/Versions/A/libLAPACK.dylib
0x0000000001f50000 	/System/Library/Frameworks/Accelerate.framework/Versions/A/Frameworks/vecLib.framework/Versions/A/libBLAS.dylib
0x0000000001f50000 	/System/Library/Frameworks/Accelerate.framework/Versions/A/Frameworks/vecLib.framework/Versions/A/libLinearAlgebra.dylib
0x0000000001f50000 	/System/Library/Frameworks/ApplicationServices.framework/Versions/A/Frameworks/ATS.framework/Versions/A/Resources/libFontParser.dylib
0x0000000001f50000 	/System/Library/Frameworks/ApplicationServices.framework/Versions/A/Frameworks/ATS.framework/Versions/A/Resources/libFontRegistry.dylib
0x0000000001f50000 	/System/Library/PrivateFrameworks/AppleVPA.framework/Versions/A/AppleVPA
0x0000000001f50000 	/System/Library/PrivateFrameworks/AppleJPEG.framework/Versions/A/AppleJPEG
0x0000000001f50000 	/System/Library/Frameworks/ImageIO.framework/Versions/A/Resources/libJPEG.dylib
0x0000000001f50000 	/System/Library/Frameworks/ImageIO.framework/Versions/A/Resources/libTIFF.dylib
0x0000000001f50000 	/System/Library/Frameworks/ImageIO.framework/Versions/A/Resources/libPng.dylib
0x0000000001f50000 	/System/Library/Frameworks/ImageIO.framework/Versions/A/Resources/libGIF.dylib
0x0000000001f50000 	/System/Library/Frameworks/ImageIO.framework/Versions/A/Resources/libJP2.dylib
0x0000000001f50000 	/System/Library/Frameworks/ImageIO.framework/Versions/A/Resources/libRadiance.dylib
0x0000000001f50000 	/System/Library/Frameworks/CoreVideo.framework/Versions/A/CoreVideo
0x0000000001f50000 	/System/Library/Frameworks/OpenGL.framework/Versions/A/Libraries/libGLU.dylib
0x0000000001f50000 	/System/Library/Frameworks/OpenGL.framework/Versions/A/Libraries/libGFXShared.dylib
0x0000000001f50000 	/System/Library/Frameworks/OpenGL.framework/Versions/A/Libraries/libGL.dylib
0x0000000001f50000 	/System/Library/Frameworks/OpenGL.framework/Versions/A/Libraries/libGLImage.dylib
0x0000000001f50000 	/System/Library/Frameworks/OpenGL.framework/Versions/A/Libraries/libCVMSPluginSupport.dylib
0x0000000001f50000 	/System/Library/Frameworks/OpenGL.framework/Versions/A/Libraries/libCoreVMClient.dylib
0x0000000001f50000 	/usr/lib/libcups.2.dylib
0x0000000001f50000 	/System/Library/Frameworks/Kerberos.framework/Versions/A/Kerberos
0x0000000001f50000 	/System/Library/Frameworks/GSS.framework/Versions/A/GSS
0x0000000001f50000 	/usr/lib/libresolv.9.dylib
0x0000000001f50000 	/usr/lib/libiconv.2.dylib
0x0000000001f50000 	/System/Library/PrivateFrameworks/Heimdal.framework/Versions/A/Heimdal
0x0000000001f50000 	/usr/lib/libheimdal-asn1.dylib
0x0000000001f50000 	/System/Library/Frameworks/OpenDirectory.framework/Versions/A/OpenDirectory
0x0000000001f50000 	/System/Library/PrivateFrameworks/CommonAuth.framework/Versions/A/CommonAuth
0x0000000001f50000 	/System/Library/Frameworks/OpenDirectory.framework/Versions/A/Frameworks/CFOpenDirectory.framework/Versions/A/CFOpenDirectory
0x0000000001f50000 	/System/Library/Frameworks/SecurityFoundation.framework/Versions/A/SecurityFoundation
0x0000000001f50000 	/System/Library/PrivateFrameworks/LanguageModeling.framework/Versions/A/LanguageModeling
0x0000000001f50000 	/usr/lib/libcmph.dylib
0x0000000001f50000 	/System/Library/Frameworks/ServiceManagement.framework/Versions/A/ServiceManagement
0x0000000001f50000 	/usr/lib/libxslt.1.dylib
0x0000000001f50000 	/System/Library/Frameworks/Carbon.framework/Versions/A/Frameworks/Ink.framework/Versions/A/Ink
0x0000000001f50000 	/System/Library/Frameworks/QuartzCore.framework/Versions/A/Frameworks/CoreImage.framework/Versions/A/CoreImage
0x0000000001f50000 	/System/Library/PrivateFrameworks/CrashReporterSupport.framework/Versions/A/CrashReporterSupport
0x0000000001f50000 	/System/Library/Frameworks/OpenCL.framework/Versions/A/OpenCL
0x0000000001f50000 	/System/Library/PrivateFrameworks/FaceCore.framework/Versions/A/FaceCore
0x0000000001f50000 	/System/Library/PrivateFrameworks/Ubiquity.framework/Versions/A/Ubiquity
0x0000000001f50000 	/System/Library/PrivateFrameworks/IconServices.framework/Versions/A/IconServices
0x0000000001f50000 	/System/Library/PrivateFrameworks/ChunkingLibrary.framework/Versions/A/ChunkingLibrary
0x0000000001f50000 	/System/Library/PrivateFrameworks/Apple80211.framework/Versions/A/Apple80211
0x0000000001f50000 	/System/Library/Frameworks/CoreWLAN.framework/Versions/A/CoreWLAN
0x0000000001f50000 	/System/Library/Frameworks/IOBluetooth.framework/Versions/A/IOBluetooth
0x0000000001f50000 	/System/Library/PrivateFrameworks/CoreWiFi.framework/Versions/A/CoreWiFi
0x0000000001f50000 	/System/Library/Frameworks/CoreBluetooth.framework/Versions/A/CoreBluetooth
0x0000000001f50000 	/System/Library/PrivateFrameworks/DebugSymbols.framework/Versions/A/DebugSymbols
0x0000000001f50000 	/System/Library/PrivateFrameworks/CoreSymbolication.framework/Versions/A/CoreSymbolication
0x0000000001f50000 	/System/Library/PrivateFrameworks/Symbolication.framework/Versions/A/Symbolication
0x0000000001f50000 	/System/Library/PrivateFrameworks/SpeechRecognitionCore.framework/Versions/A/SpeechRecognitionCore
0x0000000104600000 	/Library/Java/JavaVirtualMachines/jdk1.7.0_25.jdk/Contents/Home/jre/lib/server/libjvm.dylib
0x0000000001f50000 	/usr/lib/libstdc++.6.dylib
0x0000000103db7000 	/Library/Java/JavaVirtualMachines/jdk1.7.0_25.jdk/Contents/Home/jre/lib/libverify.dylib
0x0000000103dc4000 	/Library/Java/JavaVirtualMachines/jdk1.7.0_25.jdk/Contents/Home/jre/lib/libjava.dylib
0x00000001051ac000 	/Library/Java/JavaVirtualMachines/jdk1.7.0_25.jdk/Contents/Home/jre/lib/libzip.dylib
0x000000010895d000 	/System/Library/Frameworks/JavaVM.framework/Frameworks/JavaRuntimeSupport.framework/JavaRuntimeSupport
0x0000000108975000 	/System/Library/Frameworks/JavaVM.framework/Versions/A/Frameworks/JavaNativeFoundation.framework/Versions/A/JavaNativeFoundation
0x000000010898a000 	/System/Library/Frameworks/JavaVM.framework/Versions/A/JavaVM
0x0000000001f50000 	/System/Library/Frameworks/Carbon.framework/Versions/A/Carbon
0x0000000108997000 	/System/Library/PrivateFrameworks/JavaLaunching.framework/Versions/A/JavaLaunching
0x0000000001f50000 	/System/Library/Frameworks/Carbon.framework/Versions/A/Frameworks/CommonPanels.framework/Versions/A/CommonPanels
0x0000000001f50000 	/System/Library/Frameworks/Carbon.framework/Versions/A/Frameworks/Help.framework/Versions/A/Help
0x0000000001f50000 	/System/Library/Frameworks/Carbon.framework/Versions/A/Frameworks/ImageCapture.framework/Versions/A/ImageCapture
0x0000000001f50000 	/System/Library/Frameworks/Carbon.framework/Versions/A/Frameworks/OpenScripting.framework/Versions/A/OpenScripting
0x0000000001f50000 	/System/Library/Frameworks/Carbon.framework/Versions/A/Frameworks/Print.framework/Versions/A/Print
0x0000000001f50000 	/System/Library/Frameworks/Carbon.framework/Versions/A/Frameworks/SecurityHI.framework/Versions/A/SecurityHI
0x000000010a7c9000 	/Library/Java/JavaVirtualMachines/jdk1.7.0_25.jdk/Contents/Home/jre/lib/libawt.dylib
0x000000010a879000 	/Library/Java/JavaVirtualMachines/jdk1.7.0_25.jdk/Contents/Home/jre/lib/./libmlib_image.dylib
0x000000010a945000 	/Library/Java/JavaVirtualMachines/jdk1.7.0_25.jdk/Contents/Home/jre/lib/lwawt/liblwawt.dylib
0x000000010a9f8000 	/Library/Java/JavaVirtualMachines/jdk1.7.0_25.jdk/Contents/Home/jre/lib/libosxapp.dylib
0x0000000001f50000 	/System/Library/Frameworks/ExceptionHandling.framework/Versions/A/ExceptionHandling
0x0000000001f50000 	/System/Library/PrivateFrameworks/CoreServicesInternal.framework/Versions/A/CoreServicesInternal
0x0000000001f50000 	/System/Library/PrivateFrameworks/CloudDocs.framework/Versions/A/CloudDocs
0x0000000001f50000 	/System/Library/PrivateFrameworks/CoreDuet.framework/Versions/A/CoreDuet
0x0000000001f50000 	/System/Library/Frameworks/CloudKit.framework/Versions/A/CloudKit
0x0000000001f50000 	/System/Library/PrivateFrameworks/ProtocolBuffer.framework/Versions/A/ProtocolBuffer
0x0000000001f50000 	/System/Library/PrivateFrameworks/CoreDuetDaemonProtocol.framework/Versions/A/CoreDuetDaemonProtocol
0x0000000001f50000 	/System/Library/PrivateFrameworks/CoreDuetDebugLogging.framework/Versions/A/CoreDuetDebugLogging
0x0000000001f50000 	/System/Library/PrivateFrameworks/MMCS.framework/Versions/A/MMCS
0x0000000001f50000 	/System/Library/Frameworks/CoreLocation.framework/Versions/A/CoreLocation
0x0000000001f50000 	/System/Library/PrivateFrameworks/ProtectedCloudStorage.framework/Versions/A/ProtectedCloudStorage
0x0000000001f50000 	/System/Library/PrivateFrameworks/GeoServices.framework/Versions/A/GeoServices
0x0000000001f50000 	/System/Library/Frameworks/CoreGraphics.framework/Versions/A/Resources/libCGCMS.A.dylib
0x0000000001f50000 	/System/Library/Frameworks/CoreGraphics.framework/Versions/A/Resources/libRIP.A.dylib
0x0000000001f50000 	/System/Library/Frameworks/CoreGraphics.framework/Versions/A/Resources/libCGXType.A.dylib
0x0000000001f50000 	/System/Library/Frameworks/OpenCL.framework/Versions/A/Libraries/libcldcpuengine.dylib
0x0000000001f50000 	/System/Library/PrivateFrameworks/DiskImages.framework/Versions/A/DiskImages
0x0000000001f50000 	/System/Library/Frameworks/DiscRecording.framework/Versions/A/DiscRecording
0x0000000001f50000 	/usr/lib/libcsfde.dylib
0x0000000001f50000 	/usr/lib/libcurl.4.dylib
0x0000000001f50000 	/System/Library/PrivateFrameworks/MediaKit.framework/Versions/A/MediaKit
0x0000000001f50000 	/usr/lib/libCoreStorage.dylib
0x0000000001f50000 	/System/Library/PrivateFrameworks/EFILogin.framework/Versions/A/EFILogin
0x0000000001f50000 	/usr/lib/libutil.dylib
0x0000000001f50000 	/System/Library/PrivateFrameworks/FindMyDevice.framework/Versions/A/FindMyDevice
0x0000000001f50000 	/System/Library/Frameworks/LDAP.framework/Versions/A/LDAP
0x0000000001f50000 	/usr/lib/libsasl2.2.dylib
0x0000000001f50000 	/System/Library/PrivateFrameworks/CoreDaemon.framework/Versions/B/CoreDaemon
0x0000000001f50000 	/usr/lib/libcrypto.0.9.8.dylib
0x0000000001f50000 	/System/Library/PrivateFrameworks/AppleSRP.framework/Versions/A/AppleSRP
0x0000000001f50000 	/System/Library/PrivateFrameworks/TrustEvaluationAgent.framework/Versions/A/TrustEvaluationAgent
0x000000010dad4000 	cl_kernels
0x000000010dad6000 	/System/Library/Frameworks/OpenCL.framework/Versions/A/Libraries/ImageFormats/unorm8_bgra.dylib
0x000000010dac5000 	cl_kernels
0x0000000001f50000 	/System/Library/PrivateFrameworks/FamilyControls.framework/Versions/A/FamilyControls
0x0000000001f50000 	/System/Library/PrivateFrameworks/CommerceKit.framework/Versions/A/Frameworks/CommerceCore.framework/Versions/A/CommerceCore
0x0000000001f50000 	/System/Library/PrivateFrameworks/SystemAdministration.framework/Versions/A/SystemAdministration
0x0000000001f50000 	/System/Library/PrivateFrameworks/AppContainer.framework/Versions/A/AppContainer
0x0000000001f50000 	/System/Library/PrivateFrameworks/SecCodeWrapper.framework/Versions/A/SecCodeWrapper
0x0000000001f50000 	/System/Library/Frameworks/DirectoryService.framework/Versions/A/DirectoryService
0x0000000001f50000 	/System/Library/PrivateFrameworks/LoginUIKit.framework/Versions/A/Frameworks/LoginUICore.framework/Versions/A/LoginUICore
0x0000000001f50000 	/usr/lib/libodfde.dylib
0x0000000001f50000 	/System/Library/Frameworks/OpenGL.framework/Versions/A/Resources/GLEngine.bundle/GLEngine
0x0000000001f50000 	/System/Library/Frameworks/OpenGL.framework/Versions/A/Libraries/libGLProgrammability.dylib
0x000000010ed9f000 	/System/Library/Extensions/AppleIntelHD4000GraphicsGLDriver.bundle/Contents/MacOS/AppleIntelHD4000GraphicsGLDriver
0x0000000001f50000 	/System/Library/PrivateFrameworks/IOAccelerator.framework/Versions/A/IOAccelerator
0x0000000001f50000 	/System/Library/PrivateFrameworks/GPUSupport.framework/Versions/A/Libraries/libGPUSupportMercury.dylib
0x0000000001f50000 	/System/Library/Frameworks/OpenGL.framework/Versions/A/Resources/GLRendererFloat.bundle/GLRendererFloat
0x000000010fd71000 	/Library/Java/JavaVirtualMachines/jdk1.7.0_25.jdk/Contents/Home/jre/lib/libfontmanager.dylib
0x000000010fddb000 	/Library/Java/JavaVirtualMachines/jdk1.7.0_25.jdk/Contents/Home/jre/lib/libosxui.dylib
0x000000010fde4000 	/Library/Java/JavaVirtualMachines/jdk1.7.0_25.jdk/Contents/Home/jre/lib/libnio.dylib
0x000000010fdf3000 	/Library/Java/JavaVirtualMachines/jdk1.7.0_25.jdk/Contents/Home/jre/lib/./libnet.dylib
0x0000000001f50000 	/System/Library/Frameworks/ApplicationServices.framework/Versions/A/Frameworks/ATS.framework/Versions/A/Resources/libTrueTypeScaler.dylib
0x0000000110fcc000 	/Library/Java/JavaVirtualMachines/jdk1.7.0_25.jdk/Contents/Home/jre/lib/libdcpr.dylib

VM Arguments:
jvm_args: -Dfile.encoding=UTF-8 
java_command: Main.Game
Launcher Type: SUN_STANDARD

Environment Variables:
PATH=/usr/bin:/bin:/usr/sbin:/sbin
SHELL=/bin/bash
DISPLAY=/private/tmp/com.apple.launchd.11Y43yJeQt/org.macosforge.xquartz:0

Signal Handlers:
SIGSEGV: [libjvm.dylib+0x4a820f], sa_mask[0]=0xfffefeff, sa_flags=0x00000042
SIGBUS: [libjvm.dylib+0x4a820f], sa_mask[0]=0xfffefeff, sa_flags=0x00000042
SIGFPE: [libjvm.dylib+0x3b7495], sa_mask[0]=0xfffefeff, sa_flags=0x00000042
SIGPIPE: [libjvm.dylib+0x3b7495], sa_mask[0]=0xfffefeff, sa_flags=0x00000042
SIGXFSZ: [libjvm.dylib+0x3b7495], sa_mask[0]=0xfffefeff, sa_flags=0x00000042
SIGILL: [libjvm.dylib+0x3b7495], sa_mask[0]=0xfffefeff, sa_flags=0x00000042
SIGUSR1: SIG_DFL, sa_mask[0]=0x00000000, sa_flags=0x00000000
SIGUSR2: [libjvm.dylib+0x3b702e], sa_mask[0]=0x00000004, sa_flags=0x00000042
SIGHUP: [libjvm.dylib+0x3b528f], sa_mask[0]=0xfffefeff, sa_flags=0x00000042
SIGINT: [libjvm.dylib+0x3b528f], sa_mask[0]=0xfffefeff, sa_flags=0x00000042
SIGTERM: [libjvm.dylib+0x3b528f], sa_mask[0]=0xfffefeff, sa_flags=0x00000042
SIGQUIT: [libjvm.dylib+0x3b528f], sa_mask[0]=0xfffefeff, sa_flags=0x00000042


---------------  S Y S T E M  ---------------

OS:Bsduname:Darwin 14.5.0 Darwin Kernel Version 14.5.0: Tue Sep  1 21:23:09 PDT 2015; root:xnu-2782.50.1~1/RELEASE_X86_64 x86_64
rlimit: STACK 8192k, CORE 0k, NPROC 709, NOFILE 10240, AS infinity
load average:1.64 1.58 1.56

CPU:total 4 (2 cores per cpu, 2 threads per core) family 6 model 58 stepping 9, cmov, cx8, fxsr, mmx, sse, sse2, sse3, ssse3, sse4.1, sse4.2, popcnt, avx, ht, tsc, tscinvbit, tscinv

Memory: 4k page, physical 1286280k(321570k free)

/proc/meminfo:


vm_info: Java HotSpot(TM) 64-Bit Server VM (23.25-b01) for bsd-amd64 JRE (1.7.0_25-b15), built on Jun  5 2013 22:26:36 by "java_re" with gcc 4.2.1 (Based on Apple Inc. build 5658) (LLVM build 2336.11.00)

time: Fri Nov 27 12:26:18 2015
elapsed time: 12 seconds

